10
 energy: -15.992785750764 gnorm: 0.058064890539 xtb: 6.6.1 (unknown)
F            1.06452938300000        0.80950701100000       -2.80362507000000
C            1.06452938300000        0.80950701100000       -1.40362507000000
H            1.94287638300000        1.35470922800000       -1.03787480700000
H            0.18618238300000        1.35470922800000       -1.03787480700000
C            1.06452938300000       -0.60810721500000       -0.80457813500000
H            1.94770638300000       -1.16938293200000       -1.12624348900000
H            0.18135238300000       -1.16938293200000       -1.12624348900000
H            1.06452938300000       -0.57205238800000        0.28991828100000
O            0.85958987000000       -1.77423322200000        1.90045144000000
H            0.80519801800000       -2.30787364300000        2.65801641300000
10
 energy: -15.996279211205 gnorm: 0.012772144950 xtb: 6.6.1 (unknown)
F            1.06454471099224        0.87027491130921       -2.76177434194175
C            1.06465921845615        0.79077529818027       -1.38048862656786
H            1.95048167119361        1.34299629546447       -1.04474284098516
H            0.17554896164230        1.33793289872275       -1.04520478305482
C            1.06946485220733       -0.62387529387869       -0.84057028734898
H            1.95073630087070       -1.17230518104844       -1.17164556321581
H            0.18736212979157       -1.17555332023177       -1.16404863758970
H            1.07181810685684       -0.58315123186013        0.24572671506898
O            0.82628719052594       -1.74814615331954        1.95112094683105
H            0.82011980946331       -2.31154807733805        2.71994868580402
10
 energy: -15.996527171254 gnorm: 0.050463297203 xtb: 6.6.1 (unknown)
F            1.06818681009520        0.84894875482187       -2.72958105630463
C            1.06751211207172        0.79377665609285       -1.36052584968758
H            1.96158801350151        1.35132521053770       -1.05097622261737
H            0.16734673440059        1.34130204143019       -1.05115460856528
C            1.07588222380298       -0.62228154679684       -0.86598956713687
H            1.95199321970125       -1.15965192865190       -1.22092166167927
H            0.19462857656384       -1.16314150772258       -1.20146393574860
H            1.08035215710583       -0.60905484361989        0.21731208419010
O            0.71467445629832       -1.68009752845314        2.03306576257321
H            0.89885864845870       -2.37372516163822        2.73855632197632
10
 energy: -15.997565582982 gnorm: 0.007534637106 xtb: 6.6.1 (unknown)
F            1.06026288227149        0.84471293626951       -2.72592326424886
C            1.06412790267878        0.79946775632401       -1.35429188376232
H            1.95759892920696        1.35520029659664       -1.04087352955765
H            0.16396166912147        1.33989513355608       -1.03482384764902
C            1.07856058428153       -0.62553079265448       -0.87032499323205
H            1.95469190392543       -1.15503641717085       -1.24091486651415
H            0.19585538240359       -1.16227745135301       -1.21152504352735
H            1.08928234604755       -0.63806997235424        0.21680852536259
O            0.78586762874484       -1.71263315020521        2.01353799141918
H            0.83081372331835       -2.31832819300831        2.75665217870958
10
 energy: -15.998469777448 gnorm: 0.009485096405 xtb: 6.6.1 (unknown)
F            1.05473911953039        0.86467822376143       -2.72639511075454
C            1.06317059689324        0.79596857319933       -1.35043023693808
H            1.95204772839171        1.34905491118682       -1.02418847654841
H            0.16624267391458        1.32796680472915       -1.01255941389273
C            1.08334929416231       -0.63925898288725       -0.87778133975172
H            1.96033752028012       -1.15732305157136       -1.26576536713843
H            0.19820777712762       -1.16906338286006       -1.22687031152936
H            1.10101531718420       -0.68092635584136        0.21236914944737
O            0.76684839262887       -1.64512877239524        2.04559035919292
H            0.83506453188691       -2.31856782132129        2.73435201491294
10
 energy: -15.990094504121 gnorm: 0.101975624785 xtb: 6.6.1 (unknown)
F            1.04157449190164        0.91319317940041       -2.70885585564633
C            1.06047268653802        0.77925251836132       -1.31976070570978
H            1.93513869511925        1.32362958952143       -0.95445448838705
H            0.17090858963187        1.28375355555781       -0.93033796938811
C            1.09591472102756       -0.69562906251013       -0.90044768014164
H            1.97843768271113       -1.16866712295565       -1.34418983573988
H            0.20104771380365       -1.19424240960922       -1.28267459066163
H            1.13188223380441       -0.84574484128924        0.20048109370544
O            0.69957373345408       -1.34157105528352        2.15650379749453
H            0.86607240400825       -2.32657420519305        2.59205750147448
10
 energy: -16.000218850211 gnorm: 0.022840355170 xtb: 6.6.1 (unknown)
F            1.04322571717830        0.90866695453089       -2.69797882066295
C            1.06069964437130        0.78246143197762       -1.31433793950526
H            1.93961385544746        1.32668323948374       -0.95638075801886
H            0.16773706383384        1.28864866332927       -0.93384664149385
C            1.09419374381101       -0.68630129218478       -0.90086769563115
H            1.97403065896400       -1.16662392365827       -1.33867027573352
H            0.20372870307376       -1.19114541012662       -1.28092164050741
H            1.12457089160932       -0.82081712145858        0.19507856750926
O            0.71571559564270       -1.48361501804733        2.06288425619748
H            0.85750707806823       -2.23055737784564        2.67336221484617
10
 energy: -16.001533185562 gnorm: 0.025716640480 xtb: 6.6.1 (unknown)
F            1.04777645777545        0.90052310689018       -2.68194213510386
C            1.06186191724210        0.77252310721971       -1.29853775875440
H            1.94071380687356        1.31383802641366       -0.93725811658732
H            0.16876090130251        1.27741857163691       -0.91940434320025
C            1.09035664554999       -0.69569476568726       -0.88938297156210
H            1.97200778927606       -1.17331329238293       -1.31918002984933
H            0.20050847934610       -1.19753734597729       -1.27316643023915
H            1.11185648062218       -0.83141091632456        0.20524189092812
O            0.69592493218306       -1.45317735500061        2.00201577163412
H            0.89125554182892       -2.18576899078750        2.61993538973406
10
 energy: -16.003360814301 gnorm: 0.030599031823 xtb: 6.6.1 (unknown)
F            1.04896925807167        0.89593367654414       -2.66268270203759
C            1.06126937146731        0.76266332144176       -1.27775699848353
H            1.93982025800998        1.30034635601002       -0.91204134104653
H            0.16866735735919        1.26503838226586       -0.89596326067083
C            1.08904332111831       -0.71085868548226       -0.87741478744612
H            1.97301424953954       -1.18372837847145       -1.30867219652391
H            0.19893160246485       -1.20790897361288       -1.26804317244070
H            1.10558478505275       -0.86401706593936        0.22074780105904
O            0.67513825470017       -1.40454706810544        1.93490445951577
H            0.92058449421615       -2.12552141865006        2.55524346507426
10
 energy: -16.005819915800 gnorm: 0.034120168451 xtb: 6.6.1 (unknown)
F            1.04914075088989        0.88659341800229       -2.64501785821281
C            1.06071474674400        0.75085378537459       -1.25801759317887
H            1.93864700711889        1.28602329203829       -0.88892597776509
H            0.16935209619133        1.25190765833810       -0.87372350114457
C            1.08674623765520       -0.72449608899088       -0.85841547636870
H            1.97310956342984       -1.19523215152506       -1.28716467434630
H            0.19661405538485       -1.21879640102663       -1.25334246166696
H            1.09718729461174       -0.89038106826046        0.24425290729360
O            0.66856706786801       -1.35168714052798        1.85573153155720
H            0.94094413210616       -2.06738515742192        2.47294437083239
10
 energy: -16.008679216170 gnorm: 0.039749515665 xtb: 6.6.1 (unknown)
F            1.04839380945654        0.87763623333096       -2.62521111850365
C            1.06012891387664        0.73810337490971       -1.23634785156511
H            1.93740104605484        1.27163257997320       -0.86460796225661
H            0.17017481699529        1.23829547932560       -0.84899653584007
C            1.08498267499566       -0.73965801506523       -0.83956301252502
H            1.97386501775720       -1.20839349106328       -1.26587129576411
H            0.19477439471918       -1.23080203390930       -1.23954654728911
H            1.08797157705964       -0.92237907409503        0.26964679387985
O            0.66085306521146       -1.29097260646276        1.77462671760386
H            0.96247763587345       -2.00606230094353        2.38419207925983
10
 energy: -16.011594038550 gnorm: 0.042106771205 xtb: 6.6.1 (unknown)
F            1.04639014134091        0.86974883435101       -2.60631592920487
C            1.05947791709404        0.72582421486142       -1.21618902698474
H            1.93665898410590        1.25765722021993       -0.84247673652532
H            0.17089852492640        1.22499113511079       -0.82491176313080
C            1.08332531367595       -0.75341135765775       -0.82388859636253
H            1.97494285625819       -1.22149585194966       -1.24508906621148
H            0.19347230998832       -1.24234589707000       -1.22811609070933
H            1.07614730482567       -0.95221709330071        0.29401822815438
O            0.66707746001686       -1.22942338090140        1.70352828176644
H            0.97263213976767       -1.95192767766331        2.29776196620811
10
 energy: -16.019086286858 gnorm: 0.042384859442 xtb: 6.6.1 (unknown)
F            1.03625295681339        0.82321022897682       -2.53145403716252
C            1.05786184603780        0.69919249216308       -1.14789964134727
H            1.94769010654039        1.22824393492415       -0.79983013635894
H            0.16420973168323        1.19875666965327       -0.76970185172506
C            1.08035138414032       -0.78275937160829       -0.80197377026786
H            1.98165014010682       -1.25513645421751       -1.19074247728690
H            0.19228450012106       -1.26634333693800       -1.20948740132101
H            1.02749422306471       -1.03866786236757        0.36153632543988
O            0.71204270608536       -1.05055880489604        1.54382893870730
H            0.98118535740683       -1.82853734968962        2.05404531832224
10
 energy: -16.022374756200 gnorm: 0.021536285766 xtb: 6.6.1 (unknown)
F            1.03150776268998        0.80999284848252       -2.49155435894979
C            1.05902278296300        0.69413032746330       -1.11874791521172
H            1.96542871695390        1.21125522547030       -0.78892930664384
H            0.15597154557335        1.18862385380829       -0.75125205465510
C            1.07492588585376       -0.78748412305356       -0.84292663842771
H            1.98957260618827       -1.27357307377591       -1.16908958382504
H            0.18985761808167       -1.27562402046125       -1.23656274680455
H            0.96788855474601       -1.04745111907070        0.37029921956909
O            0.80704394182363       -0.96852435269080        1.56388804750952
H            0.93980353712633       -1.82394542017189        1.97319660443900
10
 energy: -16.024068970736 gnorm: 0.045268903458 xtb: 6.6.1 (unknown)
F            1.03267262500811        0.81496879519230       -2.49541540977229
C            1.06363186013937        0.66929601134927       -1.12338190860321
H            1.97831305931857        1.16792250235508       -0.78514292411983
H            0.16573218782900        1.16874279757187       -0.74725833596863
C            1.05581244718491       -0.78891503617918       -0.84866839131297
H            1.99161373605934       -1.30595451620672       -1.06351595364983
H            0.17620451374567       -1.29909974019124       -1.21584828113473
H            0.89088232358665       -0.92636273072957        0.41563239645238
O            0.89668050629300       -0.91600440953643        1.53090194603221
H            0.92947969283527       -1.85719352762522        1.84101812907681
10
 energy: -16.025954754073 gnorm: 0.023371901350 xtb: 6.6.1 (unknown)
F            1.02776976871177        0.88955261454532       -2.51546987973364
C            1.06517307375855        0.65459674539801       -1.13521808415961
H            1.97236401753196        1.13564993541376       -0.75698480305427
H            0.17856302885518        1.14485366115565       -0.71617297657413
C            1.05362828969692       -0.81374085720310       -0.87981266563404
H            1.99652511466620       -1.32951498859796       -1.05828237821093
H            0.17452236843614       -1.33194882814253       -1.24321767844635
H            0.89116155057168       -0.86985462559518        0.41276560996199
O            0.85802025810315       -0.93161837195345        1.53635398549500
H            0.96329548166835       -1.82057513902027        1.86436013735584
10
 energy: -16.025957644278 gnorm: 0.029422504234 xtb: 6.6.1 (unknown)
F            1.01153631307432        0.94338046665348       -2.49752769850431
C            1.06098074311843        0.63676481182285       -1.11441677390469
H            1.96212595990958        1.10943864135045       -0.71738158186903
H            0.18246242493569        1.11483788443016       -0.66200177209931
C            1.06267903416448       -0.85272274898102       -0.89653566118029
H            1.99961527800026       -1.35039724745052       -1.09076500407058
H            0.18464654518717       -1.36595676230123       -1.27512637429275
H            0.92069421062680       -0.92943956454517        0.43954911173876
O            0.82083371451695       -0.83848404701065        1.51855261918286
H            0.97544872846619       -1.74002128796803        1.80397440199919
10
 energy: -16.027885312887 gnorm: 0.015569746942 xtb: 6.6.1 (unknown)
F            1.01070221034198        0.90629031252251       -2.49201498447338
C            1.05934440953109        0.64531053200533       -1.12411171354891
H            1.97045094729006        1.12518509922644       -0.76374970450246
H            0.17536288054219        1.13298616908222       -0.70523271143478
C            1.06392322353208       -0.82640115445996       -0.89370721644535
H            1.98987928808674       -1.33724006767684       -1.08433026259979
H            0.19013440395999       -1.34912211128927       -1.26014574249362
H            0.92999546282627       -0.87717248976207        0.46670618852218
O            0.84207488207156       -0.88706688122815        1.54826970712031
H            0.94915524381793       -1.80536926242000        1.81663770685570
10
 energy: -16.028278805563 gnorm: 0.017620828038 xtb: 6.6.1 (unknown)
F            1.00793759912684        0.90779364331937       -2.49058330266291
C            1.06223686845831        0.64126824317179       -1.12968966238744
H            1.98041463779780        1.11479686771849       -0.77374907077508
H            0.17726072386356        1.12667128434642       -0.70921912202600
C            1.05697375409878       -0.82405827826900       -0.90298472721961
H            1.99242917514424       -1.34583086606088       -1.05297610430741
H            0.18638747578702       -1.35595223956980       -1.25949525960963
H            0.90743203376552       -0.83345286912330        0.50803911404961
O            0.85326766185037       -0.89349258671715        1.53563213329190
H            0.95668302210743       -1.81034305281576        1.78334726864649
10
 energy: -16.028819106223 gnorm: 0.021486816188 xtb: 6.6.1 (unknown)
F            0.99938913011840        0.94052008619734       -2.50199150683694
C            1.06524237262815        0.64049421215812       -1.15005934742464
H            1.98916475724049        1.10301913014609       -0.78613397254953
H            0.17983869629133        1.11363219963325       -0.70977571753936
C            1.05099531010760       -0.82637547307278       -0.94311789526964
H            1.99957220574882       -1.35648193712946       -1.04288839176012
H            0.18200408968361       -1.36854991950145       -1.28208687736528
H            0.89399008951812       -0.77614579098936        0.55290056244943
O            0.88851709752229       -0.89792206852402        1.59338242734075
H            0.93230920314107       -1.84479029291758        1.77809198595526
10
 energy: -16.029620902321 gnorm: 0.011029831901 xtb: 6.6.1 (unknown)
F            0.98921886828045        0.94449068772261       -2.50155226863819
C            1.06246093712381        0.64066491887491       -1.15110522902493
H            1.98241270193175        1.10887279475363       -0.79043248888232
H            0.17930981829693        1.11090189186449       -0.70385329365994
C            1.06465858449153       -0.83021438596528       -0.94880799409801
H            1.99956555059302       -1.35287823455046       -1.07027218244862
H            0.18980066880375       -1.36521549465897       -1.28088975905242
H            0.92651605771495       -0.79956413545749        0.57689700089803
O            0.85650795434593       -0.89725029451231        1.59682490444252
H            0.93057181041776       -1.83240760207098        1.78151257746382
10
 energy: -16.030133335880 gnorm: 0.008393732766 xtb: 6.6.1 (unknown)
F            0.98829389388578        0.94500429176849       -2.52498054848479
C            1.06444027796923        0.65304845966241       -1.16798682247691
H            1.98191896607774        1.12438133165340       -0.80544932465188
H            0.18569131175318        1.12595783616468       -0.71576297585929
C            1.06763959730592       -0.81736963683992       -0.95372291117047
H            2.00302301480648       -1.34133339659551       -1.07197340780996
H            0.18806605738064       -1.35514849110946       -1.27227596537645
H            0.91943975937397       -0.84088673760749        0.59059433188384
O            0.85512256097514       -0.91681421544615        1.61002642338265
H            0.92738751247179       -1.84943929565028        1.81985246756320
10
 energy: -16.030471118813 gnorm: 0.007888509857 xtb: 6.6.1 (unknown)
F            0.98338268180424        0.94301172560083       -2.55080545555979
C            1.06716913431849        0.66754806330639       -1.18612193932391
H            1.98504362747898        1.14405422927519       -0.83138557658457
H            0.19270557177765        1.14545148500378       -0.73156054108457
C            1.07206511267312       -0.80107392209191       -0.96367513954170
H            2.00766304018317       -1.32480824000827       -1.08115642847911
H            0.18503997969005       -1.34028176783347       -1.26151191164538
H            0.93259415814686       -0.88982974402291        0.61628904122730
O            0.83076759871462       -0.94549457886506        1.62738120406291
H            0.92459204721268       -1.87117710436440        1.87086801392876
10
 energy: -16.030616558789 gnorm: 0.005502657054 xtb: 6.6.1 (unknown)
F            0.98112927110986        0.94334158640117       -2.56352787948999
C            1.06876546318077        0.67467226705547       -1.19544622333876
H            1.98764812435193        1.15506382489107       -0.84856771150106
H            0.19462361169035        1.15469589366595       -0.74320535170512
C            1.07571545548451       -0.79195209965610       -0.97279492534471
H            2.01217937797765       -1.31462513644362       -1.08476664958677
H            0.18674059496584       -1.33127684323264       -1.26172438312090
H            0.91653974589833       -0.91772738597592        0.63692211943005
O            0.84279190819261       -0.96078035052647        1.64253309036360
H            0.91488939914800       -1.88401161017873        1.89889918129363
10
 energy: -16.030737818330 gnorm: 0.002432190698 xtb: 6.6.1 (unknown)
F            0.97443168599700        0.94886586081925       -2.57388913887310
C            1.07032647441026        0.67938238953014       -1.20466418067352
H            1.99147723634543        1.16191413821781       -0.86748010343785
H            0.19734612564523        1.16027274830480       -0.75161884524962
C            1.07946381763596       -0.78516281526692       -0.98689777904856
H            2.01611804131438       -1.30777733507834       -1.09009489409245
H            0.18785669269844       -1.32513505747328       -1.26302263941639
H            0.92288688482190       -0.93347814060516        0.66559360314265
O            0.83377765461844       -0.97596264992467        1.65920605008499
H            0.90733833851283       -1.89551899252346        1.92118919456382
10
 energy: -16.030808819886 gnorm: 0.002692057865 xtb: 6.6.1 (unknown)
F            0.96686114770028        0.96112870255440       -2.57640813946120
C            1.07150484874949        0.67930216132046       -1.20979556439989
H            1.99454418321980        1.16060595251258       -0.87686841421225
H            0.19971590857844        1.15704257754358       -0.75083884866311
C            1.08254202229921       -0.78480723624329       -1.00276132795779
H            2.01943715306642       -1.30835235847431       -1.09322426026112
H            0.19052389473056       -1.32631565006285       -1.27096055095919
H            0.92420935268844       -0.93488490621871        0.68516818802587
O            0.83066750596061       -0.97859411895922        1.67146464739647
H            0.90101693500661       -1.89772497797246        1.93254553749219
10
 energy: -16.030868865718 gnorm: 0.002397733969 xtb: 6.6.1 (unknown)
F            0.95557078408881        0.97919767022042       -2.57350186003863
C            1.07273853737505        0.67566174612813       -1.21244246767473
H            1.99807442347122        1.15303808562448       -0.88072495181221
H            0.20348598895706        1.14666950076603       -0.74046467373408
C            1.08591588225126       -0.78943924756999       -1.02160267303786
H            2.02329548397709       -1.31390116510633       -1.09618512578418
H            0.19490080677367       -1.33324843503623       -1.28547239087065
H            0.92502590804283       -0.92660970990332        0.69893241052344
O            0.82761913664734       -0.97165604132625        1.68123067756607
H            0.89439600041554       -1.89231225779678        1.93855232186279
10
 energy: -16.030897568453 gnorm: 0.001108048454 xtb: 6.6.1 (unknown)
F            0.94375989871666        0.99273772927713       -2.56776881125239
C            1.07379526477919        0.67111267327251       -1.21210076462530
H            2.00140633920554        1.14464416740700       -0.88087007647727
H            0.20823373486181        1.13574362903380       -0.72568458078844
C            1.08876416540077       -0.79550252120253       -1.03461081206110
H            2.02687202121280       -1.31970546077781       -1.09742746463019
H            0.19963258515562       -1.34101364581612       -1.30044914594691
H            0.92340276108587       -0.91647734126155        0.70281016617943
O            0.82629780029355       -0.96073862454507        1.68501658151152
H            0.88885838128804       -1.88340045938718        1.93940617509063
10
 energy: -16.030912297216 gnorm: 0.001392411783 xtb: 6.6.1 (unknown)
F            0.92930954949000        1.00038239649903       -2.56192220378246
C            1.07516918773394        0.66765533797700       -1.21084083469373
H            2.00580918399180        1.13871386822429       -0.88389017551479
H            0.21516658066278        1.12779733537472       -0.70964124414160
C            1.09205574948790       -0.80012863150252       -1.04275274003943
H            2.03120546185466       -1.32302678364430       -1.09618174073757
H            0.20539098099394       -1.34657027365153       -1.31558391372360
H            0.91818628771029       -0.91132427289726        0.70270707044270
O            0.82591067394267       -0.95121380219685        1.68565996747137
H            0.88281929613189       -1.87488502818241        1.94076708171910
10
 energy: -16.030938494727 gnorm: 0.002173732014 xtb: 6.6.1 (unknown)
F            0.90241386670063        1.00664365477416       -2.55380052261027
C            1.07804567425133        0.66439588952705       -1.20900122847365
H            2.01476324807060        1.13351812445760       -0.89587624317070
H            0.22878477427479        1.12046304621686       -0.68497891524829
C            1.09832008399804       -0.80446037183699       -1.05066267486304
H            2.03907972314953       -1.32509919231498       -1.09165269362836
H            0.21588708667486       -1.35141803979767       -1.33753740806516
H            0.90936090892829       -0.91162779687028        0.70100864331835
O            0.82094135728071       -0.94126628261468        1.68434831369162
H            0.87342622867108       -1.86374888554088        1.94647399604950
10
 energy: -16.030984780900 gnorm: 0.007017405075 xtb: 6.6.1 (unknown)
F            0.81220781132205        1.02352243971894       -2.53030668831874
C            1.08843401025814        0.65676543356638       -1.20532257996668
H            2.04531685169518        1.12206511771799       -0.94443921485524
H            0.27563542781851        1.10277656161142       -0.60919438357188
C            1.11939626514421       -0.81428421899362       -1.07215211183866
H            2.06474702679487       -1.32874112088213       -1.07361296567373
H            0.25070701741888       -1.36283209219707       -1.40219625033245
H            0.88420749059559       -0.92098755114519        0.69672517070059
O            0.79536169491403       -0.91766176314783        1.67957581124165
H            0.84500935603838       -1.83322266024873        1.96924447961517
10
 energy: -16.031032058769 gnorm: 0.004195126366 xtb: 6.6.1 (unknown)
F            0.82109315239826        1.01637542827661       -2.53079836017036
C            1.08741086615261        0.65845509227825       -1.20500606511254
H            2.04117105943412        1.12613953576038       -0.94266665833019
H            0.27380735212403        1.10819447863917       -0.61893712279458
C            1.11642616358004       -0.81148729050840       -1.06490663353653
H            2.06069192018697       -1.32652857998528       -1.07120254546348
H            0.24784510623759       -1.35891629765079       -1.39536785673531
H            0.88451769137487       -0.92497555851940        0.69323851108277
O            0.79708539264511       -0.92263307440394        1.67693898801655
H            0.85097424786625       -1.83722358788643        1.96702901004370
10
 energy: -16.031135359335 gnorm: 0.003850519544 xtb: 6.6.1 (unknown)
F            0.76688356116466        1.01631785500761       -2.51572507040972
C            1.09390430721321        0.65807196915860       -1.20523550184950
H            2.05700410908956        1.12835788568537       -0.98516755144790
H            0.30899662509061        1.10888000830596       -0.58350604577756
C            1.12782138593712       -0.81045269487138       -1.06810846456964
H            2.07291358147962       -1.32302602623797       -1.04989510292475
H            0.27015194595140       -1.35781623560400       -1.42645296287250
H            0.86741638971490       -0.94518467042161        0.68830104434012
O            0.77472325758741       -0.92100626180276        1.67038286271662
H            0.84120778877138       -1.82674168321964        1.98372805979485
10
 energy: -16.031189969400 gnorm: 0.013735006788 xtb: 6.6.1 (unknown)
F            0.62264684349231        1.02879236544558       -2.48146681506189
C            1.11153874961134        0.65909039526553       -1.21406754481048
H            2.09979406317686        1.13276400000888       -1.10572901687104
H            0.40119192243958        1.11081581966131       -0.49394028208987
C            1.16119472760702       -0.80620320801903       -1.08736652343976
H            2.10830452243748       -1.31320165125159       -0.99810549560531
H            0.32947407986901       -1.35832199606771       -1.49530630681205
H            0.82975629677463       -0.99604210328245        0.69081356601812
O            0.70668627407222       -0.92381672037920        1.66277673643029
H            0.81043547251941       -1.80647675538115        2.03071294924204
10
 energy: -16.031342452440 gnorm: 0.006232740655 xtb: 6.6.1 (unknown)
F            0.66591497735938        1.02572773268891       -2.49521302742992
C            1.10668146303165        0.66649014560717       -1.22283982177321
H            2.08407529312384        1.13986603717170       -1.09429306915394
H            0.38112930561252        1.12561729295103       -0.53770331218092
C            1.15270690665052       -0.79751259427163       -1.08003835618443
H            2.09679956702851       -1.30810555209197       -1.00488141458034
H            0.31359441169052       -1.35257701652808       -1.45086997155916
H            0.84640698544705       -0.99776128179704        0.70161699779199
O            0.70939322882279       -0.94583577110138        1.66885042143420
H            0.82432081323309       -1.82850884662852        2.02369282063578
10
 energy: -16.031437827648 gnorm: 0.003779199915 xtb: 6.6.1 (unknown)
F            0.62898466461668        1.02763034608048       -2.48141164225541
C            1.11204519931708        0.66629388611162       -1.22378045253508
H            2.09447657627608        1.13823896532666       -1.12403757085209
H            0.40785966349106        1.12624105916115       -0.51250931286238
C            1.16132711258710       -0.79785743883633       -1.08256619516892
H            2.10596141216834       -1.30259873701610       -0.99536513789717
H            0.32768433864473       -1.35673272480565       -1.46609517504061
H            0.83734394414382       -1.00937452910030        0.69592334237044
O            0.68432649102083       -0.94480191485406        1.66363361962330
H            0.82101354973414       -1.81963876606728        2.03452979161797
10
 energy: -16.031404222641 gnorm: 0.014496325904 xtb: 6.6.1 (unknown)
F            0.51999684485166        1.03658649925037       -2.44497038635468
C            1.12714514622248        0.66843775849516       -1.23361089402726
H            2.12309837135343        1.13717889527918       -1.22217326555022
H            0.48833294231084        1.13128598335770       -0.44803398085659
C            1.18724113787842       -0.79466080899080       -1.09501173675398
H            2.13495450274161       -1.28539466563031       -0.95748435535371
H            0.37044912367749       -1.36670541393925       -1.50430028763183
H            0.80339144189555       -1.04184091305541        0.69509901413612
O            0.62259071138119       -0.95221308676481        1.65697102345560
H            0.80382272968721       -1.80527410200165        2.06183613593664
10
 energy: -16.031557676633 gnorm: 0.004625607557 xtb: 6.6.1 (unknown)
F            0.57461618392216        1.03137838272668       -2.45814537083243
C            1.12024525069292        0.66735409650196       -1.22890979190788
H            2.10747084261512        1.13518240840044       -1.17382602216126
H            0.45190405531089        1.12869243339894       -0.48040360571682
C            1.17456571186704       -0.79717030178590       -1.08807846877419
H            2.12187469540152       -1.29037524566614       -0.97774562000464
H            0.34794561570404       -1.36592332699906       -1.48212632717226
H            0.81550179066037       -1.02133190247164        0.69330547363680
O            0.65293585583496       -0.94872763582423        1.65982320778957
H            0.81396294999084       -1.81167876228085        2.04442779214317
10
 energy: -16.031609272480 gnorm: 0.003799315379 xtb: 6.6.1 (unknown)
F            0.55597741071571        1.03292739668696       -2.45025109994869
C            1.12314578803994        0.66902877399426       -1.23270879038465
H            2.11189496782231        1.13637980322188       -1.19597243354634
H            0.46963023114343        1.13174909432671       -0.47229226123507
C            1.18010499459953       -0.79525248065397       -1.09149994858760
H            2.12748734814835       -1.28610833875068       -0.97192838143498
H            0.35571469416441       -1.36609857011516       -1.48354680604165
H            0.80455765595418       -1.02930350120915        0.69523898751776
O            0.63527869246899       -0.95416562783953        1.65935393490399
H            0.81723116894303       -1.81175640366113        2.05192806575730
10
 energy: -16.031712967621 gnorm: 0.010898531969 xtb: 6.6.1 (unknown)
F            0.43918096342732        1.03935042531386       -2.39880565411083
C            1.13932241037492        0.67375865233431       -1.24991846787834
H            2.13605690399103        1.13935339757503       -1.31790358697072
H            0.57250618246992        1.13951303146074       -0.41396702960199
C            1.21402702733230       -0.78961487420722       -1.10809626192665
H            2.16361907893647       -1.26305394822656       -0.93610915634886
H            0.40448382563798       -1.37572526707722       -1.50027557607579
H            0.74330834504624       -1.05383627118776        0.70311746096275
O            0.56262317030852       -0.97457641939417        1.65843453997323
H            0.80589504447520       -1.80776858059081        2.07184499897729
10
 energy: -16.031816429502 gnorm: 0.002607228898 xtb: 6.6.1 (unknown)
F            0.46756707875346        1.03539678453832       -2.40391803588580
C            1.13524445254722        0.67172176419917       -1.24520070794229
H            2.12632660757920        1.13763908907398       -1.28847379733661
H            0.55317549922684        1.13634338036869       -0.42865990261109
C            1.20666594815975       -0.79231742142839       -1.10325037064460
H            2.15600586782167       -1.26838748288186       -0.94643132462804
H            0.39237824798910       -1.37537750826946       -1.49272742334917
H            0.75398730443172       -1.04061565401077        0.69886217299792
O            0.57942941377680       -0.96896900204532        1.65836182616544
H            0.81024253171410       -1.80803380354418        2.05975883023433
10
 energy: -16.031891720282 gnorm: 0.003228582606 xtb: 6.6.1 (unknown)
F            0.43036645963474        1.03285996803787       -2.37892813982053
C            1.14034771166876        0.67147910172837       -1.24759825693276
H            2.12961518897458        1.13730494009680       -1.32518419375959
H            0.59204167611510        1.13833068475768       -0.40837818190076
C            1.21687568408761       -0.79232046039186       -1.10495079132084
H            2.16649760100818       -1.26223304853296       -0.93532406316460
H            0.40758786502114       -1.37989748959152       -1.50003213236597
H            0.73367458298102       -1.04315643620538        0.69475366753315
O            0.55097267516239       -0.97236994116885        1.65444196445669
H            0.81304350734637       -1.80259717272995        2.05952139427531
10
 energy: -16.031824141719 gnorm: 0.014351765477 xtb: 6.6.1 (unknown)
F            0.30191904997290        1.02602711843417       -2.29727477483025
C            1.15568316848967        0.67129473878025       -1.25685925611630
H            2.13935087499278        1.14066633681862       -1.45466372558971
H            0.72010798803783        1.14431450097445       -0.34340034753176
C            1.25286944044389       -0.79063117617547       -1.11406585186713
H            2.20369458542013       -1.24155096859204       -0.89484777141422
H            0.46369187229563       -1.39360626089352       -1.52726034576211
H            0.66472313591448       -1.05350485905281        0.68900903025052
O            0.48289949273440       -0.98469216120788        1.64753889733293
H            0.79608334369818       -1.79091712308556        2.06014541252814
10
 energy: -16.032132591372 gnorm: 0.004811270012 xtb: 6.6.1 (unknown)
F            0.30529023832893        1.02386471552050       -2.28509696254526
C            1.15493180094336        0.66917451759775       -1.25126085447048
H            2.12640077462136        1.14006750528737       -1.45972938849069
H            0.72665134059655        1.14890330181665       -0.34932478363078
C            1.25265436600759       -0.79097380767309       -1.11149568316224
H            2.20328813391275       -1.23993477780814       -0.89625810264110
H            0.46937482335440       -1.39472832726744       -1.53123256895303
H            0.66775027074361       -1.05910871557154        0.68744170772788
O            0.49199843629134       -0.97797157103192        1.64489399107676
H            0.78268276720000       -1.79189269486992        2.06038391208905
10
 energy: -16.032182427868 gnorm: 0.002267983525 xtb: 6.6.1 (unknown)
F            0.30005607827053        1.02169841127435       -2.27522209834312
C            1.15348124367455        0.66913071740108       -1.24924175720999
H            2.12065156305653        1.13846587019941       -1.46696945263517
H            0.73360321124022        1.14805619325132       -0.34803462014427
C            1.25397908834242       -0.79055021787662       -1.11057642316614
H            2.20514698894496       -1.23764115472580       -0.89572151532220
H            0.47554384055030       -1.39603296067470       -1.53598688024060
H            0.67232172193633       -1.06075241549735        0.68646944974072
O            0.50108135336911       -0.97058642035178        1.64372314569153
H            0.76515786261492       -1.79438787699971        2.05988141862936
10
 energy: -16.032210603827 gnorm: 0.002867381194 xtb: 6.6.1 (unknown)
F            0.28963338143673        1.01964545965528       -2.26463358426593
C            1.15234834488344        0.66924603329179       -1.24862729471446
H            2.11722991114433        1.13767092271533       -1.47682286676902
H            0.74342810530906        1.14680899459963       -0.34319133119855
C            1.25658221700596       -0.79076213835458       -1.11047383072900
H            2.20861042710509       -1.23540862968502       -0.89438476068598
H            0.48250123517427       -1.39845378082683       -1.54070592507351
H            0.67702003664168       -1.06041471348378        0.68567870515874
O            0.50680296121428       -0.96457489558844        1.64263444093829
H            0.74686633208504       -1.79635710632318        2.05884771433954
10
 energy: -16.032289181018 gnorm: 0.006138750135 xtb: 6.6.1 (unknown)
F            0.24945463206863        1.01266701983271       -2.22717666928136
C            1.15033213134814        0.66899996801344       -1.24783270293003
H            2.10769028771771        1.13602434216771       -1.51465333291822
H            0.78189271105891        1.14382027253169       -0.32423215853462
C            1.26701968144742       -0.79211707290114       -1.11041300930014
H            2.22196056736700       -1.22753807015000       -0.88756035475809
H            0.50647708351725       -1.40739574261275       -1.55468001074296
H            0.68799141539794       -1.05602566894568        0.68286289600251
O            0.51607375359624       -0.94996732709449        1.63875645550452
H            0.69213068848061       -1.80106757484130        2.05325015395853
10
 energy: -16.032360635457 gnorm: 0.009516166831 xtb: 6.6.1 (unknown)
F            0.16632621913036        0.99987779420392       -2.14796735178716
C            1.14987392563156        0.66768616022200       -1.24663608750691
H            2.08989495892273        1.13332492338970       -1.59569250004664
H            0.86705372632291        1.14016702983303       -0.28570731230624
C            1.28935601616496       -0.79491183037124       -1.11074026635192
H            2.24980278694076       -1.21192926598719       -0.87359845422307
H            0.55335864437119       -1.42417669494789       -1.57909885497388
H            0.70449525372790       -1.04873805725740        0.67653949317063
O            0.50642664413021       -0.93510588677922        1.62712058263552
H            0.60443477665727       -1.79879402630553        2.04410201838983
10
 energy: -16.032401967745 gnorm: 0.006582578374 xtb: 6.6.1 (unknown)
F            0.17987489146899        1.00275471830236       -2.15672302148875
C            1.15225136579249        0.66649997580189       -1.24674603096605
H            2.09165928060294        1.13454232784881       -1.58424290727042
H            0.85816722867803        1.14225958759850       -0.29364754112012
C            1.28607005796516       -0.79522477912076       -1.11138061328759
H            2.24505085492269       -1.21467444755348       -0.87352921802537
H            0.54551389901254       -1.42110055996119       -1.57485205580657
H            0.69512482390495       -1.05086629165778        0.67678166081008
O            0.49486525948533       -0.94463596979958        1.62764515812054
H            0.63244529016675       -1.79215441545860        2.04501583603439
10
 energy: -16.032471829686 gnorm: 0.002314940068 xtb: 6.6.1 (unknown)
F            0.17245908521846        1.00061013923769       -2.14652264257570
C            1.15508152528349        0.66362406177946       -1.24699007493567
H            2.08529387862895        1.13870899998199       -1.59405718024575
H            0.86845514146301        1.14517972239607       -0.29581839982411
C            1.29023691223647       -0.79601647611610       -1.11228762327917
H            2.24972436384903       -1.21074148531313       -0.86910125082396
H            0.54983176482607       -1.42286539266762       -1.57179259629445
H            0.68489862133414       -1.05343145599376        0.67445038050303
O            0.50861966793590       -0.93861967337521        1.62946379122245
H            0.61642199122435       -1.79904829392921        2.04097686325349
10
 energy: -16.032503856221 gnorm: 0.010436725960 xtb: 6.6.1 (unknown)
F            0.11269282017885        0.98961037327006       -2.08318788009376
C            1.15972260586617        0.65976779564637       -1.24668374397874
H            2.06573171177664        1.14069253527320       -1.66095906078489
H            0.93773403287231        1.14829134766867       -0.27615103857625
C            1.30998441607768       -0.79709999570842       -1.11344113742635
H            2.27281916999447       -1.19454156090480       -0.85352715028048
H            0.58400572263861       -1.43391788263913       -1.58117839752610
H            0.67717268685113       -1.05217998618385        0.66852330411861
O            0.50870544604595       -0.92957145329563        1.62446950586322
H            0.55245433969807       -1.80365102712631        2.03045686568490
10
 energy: -16.032560529141 gnorm: 0.003423991203 xtb: 6.6.1 (unknown)
F            0.12868440255435        0.99211627732188       -2.09765464030449
C            1.15950093368117        0.66113697344830       -1.24727808831969
H            2.06863949436277        1.13907623977348       -1.64864807756573
H            0.92372224312241        1.14969968929146       -0.28338167598910
C            1.30567454881817       -0.79531328546200       -1.11349102815805
H            2.26684611065051       -1.19642337554189       -0.85513334865145
H            0.57561626961198       -1.43015598868157       -1.57781877500247
H            0.67590527154645       -1.05249772247110        0.67120202254394
O            0.50406250466909       -0.93710716224980        1.62663330345129
H            0.57237117298298       -1.80313149942858        2.03389157499591
10
 energy: -16.032601272461 gnorm: 0.003300910738 xtb: 6.6.1 (unknown)
F            0.11286963214885        0.98858426659533       -2.07824379117773
C            1.16131146212921        0.66147517512316       -1.24860269318210
H            2.06004983204416        1.13838372991105       -1.67333902172341
H            0.94740878657861        1.15384131633993       -0.28191229889122
C            1.31203324890549       -0.79346564421798       -1.11370911036907
H            2.27299126522112       -1.18922779586809       -0.84734549500331
H            0.58649601751592       -1.43244060767172       -1.57984182430146
H            0.66970677716816       -1.05215293467304        0.67199829278470
O            0.50327194841688       -0.93964519407169        1.62812153473692
H            0.55488398187145       -1.80795216546678        2.03119567412683
10
 energy: -16.032678221193 gnorm: 0.008844107855 xtb: 6.6.1 (unknown)
F            0.05178217451653        0.97496572128335       -2.00511327185094
C            1.16700221905425        0.66493184785815       -1.25594147768663
H            2.02740768594930        1.13676750081227       -1.76714637335331
H            1.03714152778191        1.17089175425499       -0.27933581305930
C            1.33594061273829       -0.78621203518686       -1.11255695433606
H            2.29603702757726       -1.16288965121122       -0.81714642694890
H            0.62984395469817       -1.44150111428418       -1.58769496207610
H            0.64602940962736       -1.05115731399382        0.67683528648539
O            0.50845689970064       -0.94720711792288        1.63717273179194
H            0.48138144035615       -1.83118944560963        2.01924852803405
10
 energy: -16.032730501132 gnorm: 0.003316185832 xtb: 6.6.1 (unknown)
F            0.06042087233617        0.97638328147364       -2.01233764856254
C            1.16659546403106        0.66816946618226       -1.25943405093092
H            2.02684791121389        1.13592410297800       -1.76408727272371
H            1.03217673760143        1.17506607838611       -0.28919269294069
C            1.33412007531646       -0.78367304108099       -1.11090190516727
H            2.29244721434462       -1.16288710030649       -0.81514148145748
H            0.62754407771093       -1.43898714369057       -1.58473654151587
H            0.64131517946432       -1.05202497718733        0.68107347870445
O            0.51156263560909       -0.95354402073365        1.64286670069024
H            0.48799278437188       -1.83702650002081        2.02021268090393
10
 energy: -16.032773507826 gnorm: 0.002661650201 xtb: 6.6.1 (unknown)
F            0.03180177178586        0.97022307372653       -1.97602530963753
C            1.16956630390180        0.67206547778820       -1.26590617272824
H            2.01094980812227        1.13469813934375       -1.81136127928237
H            1.07809132759887        1.18752057421274       -0.29396185453476
C            1.34496532067845       -0.77927663200847       -1.10702818129770
H            2.30270130815521       -1.15053455782316       -0.79947171179207
H            0.64908202677722       -1.44200434518425       -1.58584726295145
H            0.62824326681692       -1.05181842250300        0.68513207316533
O            0.50602082124031       -0.96493543195197        1.64816923639904
H            0.45960099692294       -1.84853772960020        2.01462172965987
10
 energy: -16.032754808179 gnorm: 0.009123314629 xtb: 6.6.1 (unknown)
F           -0.00759268979031        0.95954174511795       -1.92184139408574
C            1.17331358090999        0.67632623387343       -1.27524806475304
H            1.98295345316150        1.13142167397251       -1.88203361834130
H            1.14462422678730        1.20727893007662       -0.30504116646287
C            1.36060648979003       -0.77237268168495       -1.10134334244957
H            2.31772146453659       -1.12881869296808       -0.77287082227310
H            0.68147495381148       -1.44708754526005       -1.58773398963434
H            0.60862773649848       -1.04577345201329        0.69309662715899
O            0.51335112330570       -0.97821187383666        1.66109799273781
H            0.40594261298907       -1.87490419127731        2.00023904510326
10
 energy: -16.032812905155 gnorm: 0.002029893942 xtb: 6.6.1 (unknown)
F            0.01478921900896        0.96467357609093       -1.94851267041574
C            1.17098207405890        0.67346259230175       -1.27085716391861
H            1.99565509390751        1.13130978524545       -1.84500860963871
H            1.10955247304758        1.19903388948752       -0.30339374259069
C            1.35139314001734       -0.77601036843345       -1.10216779553379
H            2.30969351491056       -1.13874351862467       -0.78585763530216
H            0.66435807999993       -1.44430487530970       -1.58481256258662
H            0.62202717575302       -1.04482614225501        0.68971475177013
O            0.51037966215836       -0.97319662769262        1.65502845727801
H            0.43219251913769       -1.86399816481004        2.00418823793830
10
 energy: -16.032828510110 gnorm: 0.001431038478 xtb: 6.6.1 (unknown)
F            0.00555185865017        0.96180069016208       -1.93330455667332
C            1.17178939501508        0.67320963664307       -1.27180725791195
H            1.98837750685697        1.12880318370598       -1.86026656596224
H            1.12528529887893        1.20355209187872       -0.30579400204227
C            1.35483263276493       -0.77515289102096       -1.09905178453780
H            2.31402510546150       -1.13351162718102       -0.78053797087797
H            0.67168601509339       -1.44614171854976       -1.58319405982637
H            0.61887823921285       -1.04096346816795        0.68942072754350
O            0.50936655352667       -0.97615433897606        1.65558436274535
H            0.42123034653935       -1.86804141249393        1.99727237454318
10
 energy: -16.032718678912 gnorm: 0.014060822149 xtb: 6.6.1 (unknown)
F           -0.06398631127675        0.93776355900551       -1.81491942763287
C            1.17659057229676        0.67134822539997       -1.27752484313045
H            1.92770645390372        1.10769081373642       -1.97727365926910
H            1.24471706638864        1.23810727107842       -0.32574603005989
C            1.38126867626127       -0.76850141429229       -1.07270421048373
H            2.34749742095799       -1.09360913812843       -0.73890367575755
H            0.72749238824823       -1.46189225287801       -1.56625888286679
H            0.60605151033248       -1.00233485798210        0.68689761917117
O            0.50910649883833       -0.99652512580551        1.65938223276186
H            0.32457867604914       -1.90464693413383        1.93537214426742
10
 energy: -16.032889609055 gnorm: 0.003046270661 xtb: 6.6.1 (unknown)
F           -0.03295795999943        0.94698408886182       -1.86221108404091
C            1.17392297727741        0.67042059541236       -1.27246025400143
H            1.95147550160169        1.11358103501780       -1.92398909989059
H            1.19222225156124        1.22297229685975       -0.31724075189482
C            1.36940379699771       -0.77244483845511       -1.08019844560820
H            2.33444845603597       -1.11085560187313       -0.75800129085733
H            0.70237360540581       -1.45652815060957       -1.56814365950914
H            0.61632569335995       -1.01402370158198        0.68374297293971
O            0.50854704697073       -0.98597215540265        1.65333142618243
H            0.36526158278875       -1.88673342222913        1.95349145368035
10
 energy: -16.032907103016 gnorm: 0.001987540573 xtb: 6.6.1 (unknown)
F           -0.03573823649371        0.94475028405609       -1.85485469019401
C            1.17373870479028        0.67038775621730       -1.27094126271639
H            1.94659768539274        1.11125928404725       -1.92810020229130
H            1.19725466644211        1.22464869204062       -0.31799407658839
C            1.37069455007206       -0.77241763093643       -1.07609872568497
H            2.33699909547328       -1.11033742669235       -0.75727346689198
H            0.70350543557161       -1.45792355243717       -1.56205436624909
H            0.62283883782085       -1.00984919952556        0.68074325910505
O            0.50668902106421       -0.98638620578077        1.64948839101640
H            0.35844319186638       -1.88673185498883        1.94540640749477
10
 energy: -16.032957358120 gnorm: 0.002565038288 xtb: 6.6.1 (unknown)
F           -0.05665992522594        0.92905460282012       -1.80495002235692
C            1.17383345014885        0.66929868927633       -1.26298151933850
H            1.91437058715813        1.09677020187545       -1.96071264894205
H            1.23517075955428        1.23832753659091       -0.32444229045638
C            1.38097715768863       -0.77161699943573       -1.05065298341281
H            2.35598387733941       -1.10294805477500       -0.75020663755824
H            0.71478415751340       -1.46640694558675       -1.52638013423842
H            0.64729462978048       -0.98532107714092        0.66401207462049
O            0.50218638131234       -0.98794052199270        1.63250146839317
H            0.31308187673024       -1.89181728563155        1.89213396028973
10
 energy: -16.032969119495 gnorm: 0.002994130950 xtb: 6.6.1 (unknown)
F           -0.07849202191853        0.91802337274781       -1.76216295327769
C            1.17435546465084        0.66881234917849       -1.26001476523581
H            1.88897002042398        1.08560002389586       -1.99535524422479
H            1.27226140658625        1.25207415940547       -0.33060904487121
C            1.38978729793436       -0.76969748340162       -1.03396807977638
H            2.37125860453799       -1.09307068493079       -0.74389833936753
H            0.72758726898062       -1.47154364628265       -1.50642200056166
H            0.66942633066985       -0.97195813288575        0.65703806533706
O            0.49347914512406       -0.99376013158443        1.62259090517307
H            0.27238943501038       -1.89707968014224        1.86112272380499
10
 energy: -16.032982825111 gnorm: 0.001307914208 xtb: 6.6.1 (unknown)
F           -0.07274149289475        0.92131605433354       -1.77306127253579
C            1.17438945469033        0.66867989521587       -1.26153003094806
H            1.89537223090323        1.08739612021359       -1.98697637671267
H            1.26276898680870        1.25010719777986       -0.33064783423878
C            1.38755014411759       -0.76971235653895       -1.03810598610938
H            2.36816877721026       -1.09409934520603       -0.74666005021199
H            0.72466498223208       -1.46905215840109       -1.51296781921008
H            0.66220852575316       -0.97946555382147        0.66094506005668
O            0.49641991897595       -0.99232424392515        1.62719751771003
H            0.28222142420325       -1.89544546365002        1.87012805920009
10
 energy: -16.032994296718 gnorm: 0.002544057729 xtb: 6.6.1 (unknown)
F           -0.07706991644939        0.91966569200548       -1.76299023184164
C            1.17478240023372        0.66879790675460       -1.26345754190112
H            1.88826152294471        1.08307613609704       -1.99845135736113
H            1.27119155908805        1.25643782917460       -0.33766970322079
C            1.38997846354188       -0.76778705453056       -1.03451148913112
H            2.37318099790528       -1.08864890110141       -0.74760745007280
H            0.72815146373209       -1.46781061539432       -1.50945513062391
H            0.67067519945595       -0.97942712842213        0.66673780726397
O            0.49461339094555       -0.99646857590050        1.63171064469571
H            0.26725787060194       -1.90043514268264        1.86401571919289
10
 energy: -16.033004239554 gnorm: 0.001374577696 xtb: 6.6.1 (unknown)
F           -0.08350678771263        0.91777766450017       -1.74994675517144
C            1.17541536943207        0.67016363726824       -1.26579006583247
H            1.87886860883390        1.07874790408970       -2.01462917369330
H            1.28411836075939        1.26502560025473       -0.34529351244250
C            1.39389788399809       -0.76476020918604       -1.03043586838622
H            2.37985945621923       -1.08231445985856       -0.74911376101737
H            0.73194470560018       -1.46672240020883       -1.50224644227570
H            0.68343639360509       -0.98359507221919        0.67292293123316
O            0.48850974706577       -1.00277997982315        1.63479656044692
H            0.24847921419871       -1.90414253881692        1.85805735413898
10
 energy: -16.033041306819 gnorm: 0.002140666028 xtb: 6.6.1 (unknown)
F           -0.08440949056102        0.91569898984616       -1.75441292452211
C            1.17336858812261        0.66997075306128       -1.26668918961349
H            1.87801265807230        1.08092092717234       -2.01267915989358
H            1.27998494479620        1.26356394897269       -0.34581299727499
C            1.39399039032194       -0.76501658960649       -1.03154627800877
H            2.37894145474367       -1.08159663025923       -0.74665843484326
H            0.73224496874909       -1.46979072178828       -1.49991960112392
H            0.68743793404182       -0.97409325315130        0.67734701427380
O            0.51625373080931       -1.00995401938550        1.64293111307399
H            0.22519777290386       -1.90230325886153        1.84576172493236
10
 energy: -16.033059624872 gnorm: 0.002817684029 xtb: 6.6.1 (unknown)
F           -0.08519695067493        0.91474475657371       -1.75712963755075
C            1.17214860450102        0.67034504440837       -1.26765387857289
H            1.87758718728819        1.08307138577196       -2.01176377736908
H            1.27685627419971        1.26268727834799       -0.34586572970969
C            1.39426689053448       -0.76458140592549       -1.03332917465228
H            2.37870161975363       -1.08083944247071       -0.74693500220369
H            0.73192037128925       -1.47076423809061       -1.49871440120991
H            0.69692285001839       -0.97486315941980        0.68136529513704
O            0.52898464154122       -1.01384284102648        1.64661100812518
H            0.20883146354879       -1.89855723216880        1.84173656500609
10
 energy: -16.033077029658 gnorm: 0.008040245629 xtb: 6.6.1 (unknown)
F           -0.08750409476504        0.91163586223118       -1.76357516698348
C            1.16906698256772        0.67110756224322       -1.27025030764000
H            1.87583440712362        1.08912935832959       -2.00981679712302
H            1.26842769499693        1.26065848758129       -0.34612098391205
C            1.39629189741488       -0.76341958524562       -1.03861710498239
H            2.38073044086073       -1.07845819199573       -0.75208425415133
H            0.73096383087111       -1.47272415040349       -1.49480113031544
H            0.72461204991516       -0.97786875731248        0.69384235065589
O            0.56027713413019       -1.02550050946684        1.65766562757403
H            0.16232260888444       -1.88715992996099        1.83207903387781
10
 energy: -16.033102388279 gnorm: 0.002088183318 xtb: 6.6.1 (unknown)
F           -0.08708148066290        0.91208274044272       -1.76323465289623
C            1.16954959801480        0.67117286527367       -1.27028475594301
H            1.87618365522393        1.08914165561923       -2.00995673434528
H            1.26931345654570        1.26073866428870       -0.34622203508204
C            1.39651738849143       -0.76340916144929       -1.03881999479751
H            2.38121912330482       -1.07896168492965       -0.75381340072603
H            0.72986353783073       -1.47241476235431       -1.49353401633619
H            0.72565199992572       -0.97837638876657        0.69469603920317
O            0.55094461394356       -1.02498549839729        1.65640809774436
H            0.16886105938193       -1.88758828372705        1.83308272017878
10
 energy: -16.033121724992 gnorm: 0.001794350554 xtb: 6.6.1 (unknown)
F           -0.08813073870055        0.91007446177979       -1.76455489280192
C            1.16870836135382        0.67131080768382       -1.27111074748677
H            1.87508710154181        1.09151352996312       -2.00974724648350
H            1.26607110117529        1.26067607774343       -0.34638271242416
C            1.39857585462435       -0.76281292692213       -1.04072844679015
H            2.38491995634043       -1.07756917668420       -0.76046006426346
H            0.72924656054126       -1.47230188690307       -1.49043585114970
H            0.73724466864347       -0.98162651899910        0.70009655579047
O            0.56025096437065       -1.03075433428769        1.66109173472640
H            0.14904912210919       -1.88110988737382        1.83055293788279
10
 energy: -16.032407006854 gnorm: 0.036053379207 xtb: 6.6.1 (unknown)
F           -0.09720891052899        0.89407190803341       -1.76808757748182
C            1.16270888065428        0.67168464162632       -1.27396630233257
H            1.86523601530831        1.10679950469094       -2.00768803704980
H            1.24567175126761        1.26153596197664       -0.34631767501615
C            1.41380575943327       -0.75927480162074       -1.05043081943950
H            2.41344387516043       -1.06701068852815       -0.80816506180652
H            0.72797063284305       -1.47188629096949       -1.46911811734835
H            0.80989624772118       -1.01048586059811        0.72858349406672
O            0.63172342551403       -1.06922779700435        1.68861436020482
H            0.00777527462647       -1.82880643160632        1.81489700320311
10
 energy: -16.033161300703 gnorm: 0.005325916581 xtb: 6.6.1 (unknown)
F           -0.09290034012472        0.90126112388419       -1.76318194368275
C            1.16646033533361        0.67118497792053       -1.27157708406940
H            1.86948227090801        1.09844557803095       -2.00948674959019
H            1.25737377415141        1.26207792432855       -0.34603820334528
C            1.40753735253040       -0.76111969242743       -1.04443205434240
H            2.40272162187220       -1.07202655997808       -0.78998098598524
H            0.72873704790146       -1.47098863277632       -1.47833073251721
H            0.77229272516074       -0.99943390372095        0.71267987155190
O            0.58755873232050       -1.04841285065584        1.67286183485580
H            0.08175943194608       -1.85358781860545        1.82580731412475
10
 energy: -16.033179522976 gnorm: 0.001998092691 xtb: 6.6.1 (unknown)
F           -0.09367368446883        0.90018034582422       -1.76100180463880
C            1.16628852474001        0.67082883349593       -1.27035096126995
H            1.86857784466968        1.09846951878173       -2.00865594344994
H            1.25769502530686        1.26159782040207       -0.34488451165614
C            1.40817545826846       -0.76150882822102       -1.04365351470307
H            2.40374642018245       -1.07208348829596       -0.79134072647366
H            0.72950693992672       -1.47161739000632       -1.47736791623936
H            0.77135619211547       -1.00125238581824        0.71012437487036
O            0.58882562473741       -1.04852526297947        1.67093285523993
H            0.08052460652145       -1.84868901718280        1.82451941532061
10
 energy: -16.033193799699 gnorm: 0.001972826386 xtb: 6.6.1 (unknown)
F           -0.09645419503733        0.89761012006995       -1.75493547614745
C            1.16501873406201        0.66963531631617       -1.26709296798620
H            1.86514522338617        1.09909169584920       -2.00614671402321
H            1.25812088853899        1.25863810507927       -0.34109873396288
C            1.40927190806332       -0.76301545423880       -1.04287344305385
H            2.40504233437156       -1.07256366240568       -0.79223724994752
H            0.73241972017653       -1.47418028375437       -1.47793592467475
H            0.77533387620175       -1.00450283255176        0.70441176792124
O            0.59458194794487       -1.04794307617643        1.66585004100859
H            0.07254251429181       -1.83536978218740        1.82037996786600
10
 energy: -16.033215855842 gnorm: 0.001638193373 xtb: 6.6.1 (unknown)
F           -0.10072347728843        0.89368853535152       -1.74603009162440
C            1.16301375295335        0.66760371550308       -1.26292021609906
H            1.85953905907115        1.10023717958749       -2.00340879800397
H            1.25807336452725        1.25405244943617       -0.33574903964619
C            1.41128324755432       -0.76524970653146       -1.04284906636091
H            2.40830251744107       -1.07276352037400       -0.79478960486013
H            0.73710587481226       -1.47731726851901       -1.48073906874569
H            0.78430445964537       -1.00824649654711        0.69870316663036
O            0.60482730498359       -1.04784273250243        1.66102541987688
H            0.05529684829975       -1.81676200940410        1.81507856583307
10
 energy: -16.033238975310 gnorm: 0.000612174777 xtb: 6.6.1 (unknown)
F           -0.10523037806011        0.88922537176944       -1.73672300613266
C            1.16111389216075        0.66552164902440       -1.25909299614612
H            1.85347612084586        1.10179305919306       -2.00132915555110
H            1.25811826980531        1.24984104754787       -0.33084439765876
C            1.41415636414663       -0.76732649156140       -1.04338242261881
H            2.41317353093048       -1.07243922671997       -0.79986140699635
H            0.74170349893623       -1.48014164092386       -1.48292315337247
H            0.79517717251921       -1.01248540098588        0.69501655973588
O            0.61458368796956       -1.04905570402268        1.65776489941444
H            0.03475079274574       -1.79753251732082        1.80969634632591
10
 energy: -16.027799541947 gnorm: 0.081527662018 xtb: 6.6.1 (unknown)
F           -0.15402851755473        0.84036296111647       -1.63380593141908
C            1.14163101478974        0.64257002846118       -1.21925830540186
H            1.78657679657808        1.11703406237592       -1.98331907954212
H            1.26225654256373        1.20543287489710       -0.28024031033289
C            1.44630247025561       -0.78940907271399       -1.04951169079652
H            2.46712105190136       -1.06789184127750       -0.85457686294781
H            0.79201177776621       -1.51002396009197       -1.50628519585643
H            0.90810291254100       -1.05033632143871        0.66166584611362
O            0.71512389579660       -1.06591053681797        1.62846016191904
H           -0.18407499263807       -1.59442804851031        1.74519263526386
10
 energy: -16.032953635228 gnorm: 0.021745642273 xtb: 6.6.1 (unknown)
F           -0.13793912252731        0.85719799408633       -1.65807228824230
C            1.14968985747292        0.64775991002604       -1.22928473708411
H            1.80716719579487        1.11101771987010       -1.98829654483670
H            1.26784895265943        1.21480329447555       -0.29272550233385
C            1.43721613617469       -0.78549669992263       -1.05029404154338
H            2.45092956483511       -1.07428309826920       -0.83980785745254
H            0.77522528455423       -1.50159062159170       -1.50217017166437
H            0.86841005837302       -1.02835858313921        0.66910156099532
O            0.64123980259464       -1.03449525766370        1.62676908766823
H           -0.07876477793199       -1.67915451187138        1.77310176149359
10
 energy: -16.033173252803 gnorm: 0.012893222413 xtb: 6.6.1 (unknown)
F           -0.13142609663608        0.85907194990680       -1.66531120162561
C            1.15324896657865        0.64772518193989       -1.23147545786495
H            1.81451864538070        1.10368922392380       -1.99038911905184
H            1.26984097216696        1.21928032716509       -0.29744200565722
C            1.43236600306646       -0.78449064654614       -1.04365003357408
H            2.44264251034186       -1.07466392275762       -0.82437794390845
H            0.77401468409081       -1.49931645824338       -1.50166181761562
H            0.81558746200677       -1.00558138220475        0.66477966281032
O            0.65084798071438       -1.03628513189842        1.63395398702351
H           -0.04061817571089       -1.70202899528510        1.76389519646384
10
 energy: -16.033289497650 gnorm: 0.003882510264 xtb: 6.6.1 (unknown)
F           -0.13034462086064        0.86242409651642       -1.66891281123166
C            1.15405100304435        0.65060037335753       -1.23559691885110
H            1.81499274615983        1.10521319904785       -1.99484556618081
H            1.27332485054268        1.22361242926063       -0.30331551486307
C            1.43154770195207       -0.78167366100913       -1.04587045860483
H            2.43946840842156       -1.07336291426036       -0.82177018053629
H            0.77070956412486       -1.49751511089275       -1.49920462285758
H            0.83054358905872       -1.01376078720414        0.67240747022775
O            0.63455089869349       -1.03700538337674        1.63475297240720
H           -0.03782118913730       -1.71113209543914        1.77067689749030
10
 energy: -16.033302055356 gnorm: 0.001571263617 xtb: 6.6.1 (unknown)
F           -0.12961262925496        0.86479204288224       -1.67151433523656
C            1.15500601065835        0.65280865167177       -1.23912418549243
H            1.81555109676568        1.10508281024362       -2.00033944582861
H            1.27620449436482        1.22831729315721       -0.30849263126956
C            1.43185286281282       -0.77912303263061       -1.04613663543735
H            2.43920009748671       -1.07144399321840       -0.82007945718559
H            0.76934693717516       -1.49539400160030       -1.49604063444057
H            0.83057132914338       -1.01807897692600        0.67735908736162
O            0.63022538639545       -1.04161312935382        1.63867250729818
H           -0.03732263354779       -1.71794751822554        1.77401699723078
10
 energy: -16.033312273836 gnorm: 0.000947422203 xtb: 6.6.1 (unknown)
F           -0.12848657532878        0.86908214063542       -1.67601309474659
C            1.15686730734330        0.65709938893671       -1.24603719393005
H            1.81613996646902        1.10412170286725       -2.01204662641436
H            1.28223787429643        1.23806308735115       -0.31908902564209
C            1.43243125182484       -0.77398410670506       -1.04618122499132
H            2.43854072511623       -1.06682107155616       -0.81574960981010
H            0.76756118457589       -1.49164073651269       -1.48986741335373
H            0.82863051715299       -1.02502017921260        0.68760693140683
O            0.62628673027752       -1.05314612887876        1.64756094735238
H           -0.03918602972784       -1.73035395092508        1.77813757712894
10
 energy: -16.033319426200 gnorm: 0.000737541312 xtb: 6.6.1 (unknown)
F           -0.12878422793974        0.87062214219973       -1.67614886242000
C            1.15766244503771        0.65889202892927       -1.24920877338348
H            1.81502350028974        1.10284805861515       -2.01891790721662
H            1.28634537974683        1.24293989861250       -0.32466171489298
C            1.43293049405921       -0.77155994566718       -1.04581016384535
H            2.43857687626751       -1.06376272149216       -0.81279869456114
H            0.76799437505749       -1.49041807886839       -1.48727029241388
H            0.82771066146326       -1.02616666807893        0.69319176861365
O            0.62718485171306       -1.06092542471935        1.65268853455489
H           -0.04362140369548       -1.73506914353046        1.77725737256483
10
 energy: -16.033329930435 gnorm: 0.002425820060 xtb: 6.6.1 (unknown)
F           -0.13129898628595        0.87209482340683       -1.67041545402618
C            1.15884411504387        0.66124563599368       -1.25362089653017
H            1.80952208972244        1.09938515366889       -2.03280285977021
H            1.29684084852323        1.25128859448804       -0.33431126151362
C            1.43461796826956       -0.76791256759865       -1.04406816888822
H            2.43984652936622       -1.05783465317748       -0.80614804875973
H            0.77133829635738       -1.48946812971129       -1.48346920609283
H            0.82687184057303       -1.02562499347019        0.70113722703062
O            0.62962254834892       -1.07571304987995        1.65998452240808
H           -0.05518229791909       -1.74006066771969        1.77203541314217
10
 energy: -16.033336756002 gnorm: 0.002933720896 xtb: 6.6.1 (unknown)
F           -0.13369781587108        0.87197666112522       -1.66343710342003
C            1.15936045752509        0.66194416279067       -1.25485875269685
H            1.80447321540921        1.09683792328651       -2.04067742820565
H            1.30433339294096        1.25535932738295       -0.33889751290624
C            1.43601752557465       -0.76646306307388       -1.04221476139240
H            2.44117376663618       -1.05462535305192       -0.80179204674433
H            0.77468580437013       -1.48961489189813       -1.48190680147378
H            0.82588907945482       -1.02475922082372        0.70277687622513
O            0.63104875613250       -1.08313033811497        1.66147343792337
H           -0.06226123017285       -1.74012506162255        1.76785535969068
10
 energy: -16.033353022137 gnorm: 0.004866869304 xtb: 6.6.1 (unknown)
F           -0.14316865117702        0.86980504604691       -1.63433659314546
C            1.16073306661146        0.66312987878497       -1.25679850481358
H            1.78464463083332        1.08781836949228       -2.06620905169361
H            1.33112426519654        1.26727220074624       -0.35226727947245
C            1.44170974332667       -0.76283245308429       -1.03513657184414
H            2.44713075655975       -1.04449485032169       -0.78772104610236
H            0.78795660071688       -1.49124554236970       -1.47769881162750
H            0.82269891236083       -1.02093477055433        0.70391327673526
O            0.63531510334295       -1.10569780829965        1.66234671285575
H           -0.08712147577180       -1.73541992444056        1.75222913610796
10
 energy: -16.033366140193 gnorm: 0.003614237771 xtb: 6.6.1 (unknown)
F           -0.14599194728022        0.86813698709096       -1.62307869799993
C            1.16074747642724        0.66235719592155       -1.25521833101600
H            1.77767023663398        1.08520216244132       -2.07055538635134
H            1.33824929222137        1.26833664019839       -0.35377111865381
C            1.44357257687729       -0.76309637642158       -1.03279123348962
H            2.44927091613415       -1.04286568771555       -0.78458126431249
H            0.79266108910813       -1.49255403691277       -1.47796109091535
H            0.82177106077393       -1.01962242259248        0.70011429439632
O            0.63554571857336       -1.10837795827718        1.65838211438918
H           -0.09247346746966       -1.73011635773249        1.74778198095293
10
 energy: -16.033387210853 gnorm: 0.002089607212 xtb: 6.6.1 (unknown)
F           -0.15517471570974        0.86179708778042       -1.58822497705918
C            1.16068837169174        0.65999304929028       -1.25063209112666
H            1.75599334832651        1.07820325419973       -2.08415415089162
H            1.35965890116170        1.27109714131380       -0.35779114663314
C            1.45072461589876       -0.76406038423134       -1.02668108809523
H            2.45803987640011       -1.03820256492028       -0.77854584420881
H            0.80671748448735       -1.49668504019755       -1.47724493676897
H            0.82113287211029       -1.01418087245061        0.69048966495614
O            0.63591801015406       -1.11749273694141        1.64855699537924
H           -0.11267581252121       -1.71306878784286        1.73254884144809
10
 energy: -16.033396711078 gnorm: 0.001536082964 xtb: 6.6.1 (unknown)
F           -0.15972866457562        0.85724467559321       -1.56842233117003
C            1.16051615187537        0.65846176452115       -1.24761357377705
H            1.74346853317812        1.07520716336916       -2.09001762958667
H            1.37032153806188        1.27176168562182       -0.35930238377906
C            1.45543582316488       -0.76492242417584       -1.02414502025357
H            2.46396901443448       -1.03617644628459       -0.77789485616351
H            0.81417055939457       -1.49917944383356       -1.47610116126195
H            0.82243120027226       -1.01206559094883        0.68524997855865
O            0.63593054664205       -1.12205878798380        1.64298241421493
H           -0.12549175044842       -1.70087244987855        1.72358583021811
10
 energy: -16.033399558542 gnorm: 0.005723685862 xtb: 6.6.1 (unknown)
F           -0.17367018470304        0.84493583344619       -1.51049049736286
C            1.16090748867795        0.65601435013249       -1.24241471124729
H            1.70597849687484        1.06605993668406       -2.11454707696133
H            1.40577600605284        1.27856330490567       -0.36904639557815
C            1.47023384829281       -0.76463000226127       -1.01714452147917
H            2.48211068702418       -1.02662304564684       -0.77443328654987
H            0.83608891471832       -1.50519820628048       -1.46926805461069
H            0.82612536675917       -1.00995276492454        0.67661877514792
O            0.63651382260988       -1.14360734740972        1.63254881131589
H           -0.16904149430739       -1.66816191264538        1.69649822432537
10
 energy: -16.033427190995 gnorm: 0.002677062499 xtb: 6.6.1 (unknown)
F           -0.17404946152758        0.83832614533590       -1.49728272739490
C            1.16019911267648        0.65384120750166       -1.23824307937570
H            1.69787142765472        1.06845548140144       -2.10939684960818
H            1.40618665641530        1.27346042555879       -0.36516737111520
C            1.47587484245371       -0.76690871530156       -1.01989245304969
H            2.48975476712507       -1.02830770536487       -0.78584400595990
H            0.83878445799414       -1.50752945695466       -1.46713737057615
H            0.83215598341097       -1.01404427119689        0.67269366865629
O            0.63289365201550       -1.14065587694464        1.62713949030467
H           -0.17864848621875       -1.64923708803497        1.69145196511857
10
 energy: -16.033466970320 gnorm: 0.001399447217 xtb: 6.6.1 (unknown)
F           -0.17609450788969        0.83779512380925       -1.50061945706354
C            1.15846817108617        0.65388649230065       -1.23844938207231
H            1.69867058955876        1.06994097491430       -2.10869296248444
H            1.40245858509337        1.27303970269550       -0.36355349982867
C            1.47508681161642       -0.76638151056930       -1.02089430198453
H            2.48930016863446       -1.02613497972005       -0.78668996220183
H            0.83917973096403       -1.50761717821012       -1.46908976314930
H            0.84349842599263       -1.02465885109520        0.67805071548042
O            0.63834055121484       -1.14900417135912        1.63111977058249
H           -0.18788557427146       -1.63346545676572        1.68714010972153
10
 energy: -16.033504815235 gnorm: 0.008671695281 xtb: 6.6.1 (unknown)
F           -0.18176323135956        0.83445161486904       -1.51145135455018
C            1.15273328358435        0.65290143955520       -1.23779423030296
H            1.69995052905363        1.07705015985229       -2.10219280713060
H            1.38712644278561        1.27015359705027       -0.35742885274392
C            1.47437329704729       -0.76593659116774       -1.02570349777626
H            2.49042989486151       -1.02036632047617       -0.79355039936814
H            0.84089648597528       -1.50903952646899       -1.47449502362619
H            0.88013617039350       -1.05769123004489        0.69400106679919
O            0.65831460462383       -1.17811098146349        1.64289665889502
H           -0.22117452496594       -1.57601201570536        1.67403970680384
10
 energy: -16.033535572329 gnorm: 0.002623351149 xtb: 6.6.1 (unknown)
F           -0.18109933290256        0.83392160558255       -1.50953731881991
C            1.15320415887085        0.65241182991795       -1.23677107231915
H            1.69947904260792        1.07776229573391       -2.10046433120587
H            1.38733578532622        1.26887049402081       -0.35625560543303
C            1.47531627285125       -0.76666934167354       -1.02640926938245
H            2.49174562612043       -1.02169719583904       -0.79646959384331
H            0.84036903497169       -1.50935210477026       -1.47356569859581
H            0.87920353549264       -1.05979716058906        0.69202902777088
O            0.65142961875765       -1.16811494200645        1.64121008247836
H           -0.21596079009658       -1.57993533437672        1.67455504635009
10
 energy: -16.033554174993 gnorm: 0.001362409539 xtb: 6.6.1 (unknown)
F           -0.18191467296721        0.83023320255562       -1.50844645875054
C            1.15218388513423        0.65108529967846       -1.23478543000754
H            1.69830576063672        1.08021824940433       -2.09614046213982
H            1.38330889389687        1.26548709807415       -0.35231897581657
C            1.47727075228366       -0.76789056766958       -1.02807457868032
H            2.49486225133763       -1.02205645244097       -0.80223428280536
H            0.84113658019597       -1.51073180674834       -1.47302740964327
H            0.88347737248690       -1.06268449384123        0.69189733395375
O            0.65324968754384       -1.17067700568942        1.64012792178824
H           -0.22085755854910       -1.56558337732287        1.67132360910123
10
 energy: -16.033515849984 gnorm: 0.015645463247 xtb: 6.6.1 (unknown)
F           -0.19081710109713        0.80094107077014       -1.49975477786368
C            1.14298136760066        0.64154034843292       -1.21986141004137
H            1.68882904985969        1.09998937758910       -2.06414040798445
H            1.35252616171449        1.24065675435953       -0.32179564201355
C            1.49228392973520       -0.77651140489331       -1.04087248451204
H            2.51834962962496       -1.02290166528364       -0.84452317005707
H            0.84923275921718       -1.52166473788095       -1.47092814480544
H            0.92311033311666       -1.09303468409701        0.69034480264618
O            0.67228148108119       -1.19747269235279        1.63226574489505
H           -0.26775465885342       -1.44414222064388        1.64758675673612
10
 energy: -16.033621277580 gnorm: 0.001793452888 xtb: 6.6.1 (unknown)
F           -0.18811803425873        0.80833333950396       -1.49920410138864
C            1.14609699040289        0.64355299338931       -1.22298480796476
H            1.69139580925029        1.09402507593125       -2.07234287239429
H            1.36333333463214        1.24586354539226       -0.32879023868348
C            1.48843872148717       -0.77512326214093       -1.03725880204201
H            2.51189276801379       -1.02441732120781       -0.83330299218279
H            0.84712277933127       -1.51912929287746       -1.47219642031536
H            0.90728803317359       -1.07900117739177        0.68710463898063
O            0.66152531987489       -1.17969876382295        1.63162916138756
H           -0.24795276990781       -1.48700499077573        1.65566770160291
10
 energy: -16.033636775899 gnorm: 0.001272586163 xtb: 6.6.1 (unknown)
F           -0.19080886236727        0.80163750531636       -1.49531459123707
C            1.14391311647338        0.64056285902949       -1.21846430492625
H            1.68927926464586        1.09788542690457       -2.06446017735128
H            1.35826619182820        1.23895514839813       -0.32047196557469
C            1.49106310845479       -0.77789336176703       -1.03959933423630
H            2.51581044119677       -1.02517385259322       -0.84086020115260
H            0.85039211891547       -1.52212577200824       -1.47514307711199
H            0.91323980863226       -1.08478510534513        0.68338719296901
O            0.66321583113886       -1.17870990372243        1.62777634888830
H           -0.25334806691883       -1.46295279821237        1.65147137673262
10
 energy: -16.033626277262 gnorm: 0.010531702049 xtb: 6.6.1 (unknown)
F           -0.20142518325454        0.77610570677189       -1.47770576500419
C            1.13510849911076        0.62804415355523       -1.19983002074605
H            1.67791426974423        1.11093742768596       -2.03396101194511
H            1.33838521128640        1.21168197303809       -0.28861785416895
C            1.50071347099662       -0.78904264652670       -1.04730613007904
H            2.53057380754758       -1.02714499967593       -0.86509125619121
H            0.86590456416766       -1.53422019757436       -1.49023152458460
H            0.93358136752627       -1.10645270085851        0.66731302092729
O            0.67564329003388       -1.18244993209577        1.61143287384835
H           -0.27537634515939       -1.36005863831978        1.63231893494321
10
 energy: -16.033671495741 gnorm: 0.002752321265 xtb: 6.6.1 (unknown)
F           -0.19828867768348        0.78455366715834       -1.48117230056630
C            1.13796730530311        0.63154562524937       -1.20511970828692
H            1.68041089330221        1.10565739029781       -2.04397342206229
H            1.34628296964620        1.21991672018310       -0.29872838224236
C            1.49719426099860       -0.78587969909446       -1.04419989997803
H            2.52512286016711       -1.02662163159949       -0.85494691955213
H            0.86215271916823       -1.53055322204953       -1.48765080139203
H            0.92515498568938       -1.09844708829077        0.67072138981472
O            0.67074941520420       -1.17866793700656        1.61551997256294
H           -0.26572377979608       -1.39410367884769        1.63787133870212
10
 energy: -16.033680406099 gnorm: 0.001434873320 xtb: 6.6.1 (unknown)
F           -0.19970601645727        0.78263633631486       -1.47697371242877
C            1.13717713409896        0.63046959852901       -1.20321449150939
H            1.67743670908601        1.10608180817385       -2.04237754368597
H            1.34607660534142        1.21776454206255       -0.29652278580389
C            1.49812061783634       -0.78677276231686       -1.04469143926012
H            2.52630647868489       -1.02629202721859       -0.85483808514581
H            0.86486857145990       -1.53149181577187       -1.49072008883176
H            0.92798105522499       -1.10424155877609        0.66850190517664
O            0.67021346345470       -1.17755640792085        1.61370293037061
H           -0.26745166673046       -1.38319756707589        1.63545457811817
10
 energy: -16.033713723429 gnorm: 0.001350458334 xtb: 6.6.1 (unknown)
F           -0.20861634686632        0.76882632150757       -1.45041462903958
C            1.13246062549776        0.62322003896775       -1.19141072694924
H            1.65956856931955        1.10767211686896       -2.03311571471426
H            1.34614634677046        1.20429934442790       -0.28283906066272
C            1.50419644096526       -0.79286219662361       -1.04643301045330
H            2.53385559873519       -1.02476887844583       -0.85380286673317
H            0.88179607966739       -1.53795496259838       -1.50761458529524
H            0.93559280802534       -1.12350925461112        0.65478635459497
O            0.67296681509874       -1.18065369151647        1.60089690446092
H           -0.27694398521389       -1.31686869197665        1.61826860179131
10
 energy: -16.033704356737 gnorm: 0.008941226430 xtb: 6.6.1 (unknown)
F           -0.21901618151692        0.75225755102174       -1.41638114604399
C            1.12806706330248        0.61649417979451       -1.18022822104634
H            1.63637495999386        1.10942937668263       -2.02887987816162
H            1.35166244873597        1.19385466393008       -0.27206218126685
C            1.51352049205666       -0.79790140316080       -1.04858383656635
H            2.54521420384647       -1.02120102998211       -0.85476023931730
H            0.90085133305884       -1.54394632542065       -1.52097284670132
H            0.94517646696876       -1.14724766200400        0.64388400747350
O            0.67206548634864       -1.19056896680730        1.58869863348263
H           -0.29289332079529       -1.24377023805397        1.59760697514730
10
 energy: -16.033744563370 gnorm: 0.003252084743 xtb: 6.6.1 (unknown)
F           -0.21715978483534        0.75667306470119       -1.41738002391703
C            1.13021592133985        0.61919468074391       -1.18444817496577
H            1.63717173709386        1.10615272936575       -2.03750739778295
H            1.35851780187580        1.20093403686697       -0.28011060966801
C            1.51239429042776       -0.79527361405037       -1.04656805943322
H            2.54304636097205       -1.02023593248069       -0.84960052158638
H            0.89835399429964       -1.54137222931045       -1.51639379410828
H            0.93854090424438       -1.13962748562090        0.64795648916462
O            0.66937060286846       -1.19360265300985        1.59193184006916
H           -0.28942887628701       -1.26544245120546        1.60044151922753
10
 energy: -16.033763920026 gnorm: 0.001238077818 xtb: 6.6.1 (unknown)
F           -0.21949508327140        0.75453395222646       -1.40205823397691
C            1.13099627570111        0.61972199671510       -1.18472853690287
H            1.62662563184226        1.10324875051234       -2.04679560924063
H            1.37007207559809        1.20584323462576       -0.28594526884016
C            1.51616080736210       -0.79377178975476       -1.04566773307761
H            2.54676707343718       -1.01662453992905       -0.84615589049043
H            0.90385498197217       -1.54112985929824       -1.51540793933620
H            0.93822815578864       -1.14533487305594        0.64925443852903
O            0.66276006069789       -1.20059794868952        1.59119954640351
H           -0.29494702712857       -1.25848877735206        1.59462649393193
10
 energy: -16.033800888280 gnorm: 0.004217030069 xtb: 6.6.1 (unknown)
F           -0.23125908682297        0.73839913335055       -1.33323237390529
C            1.13195791349854        0.61726203014019       -1.17987245537441
H            1.58020854240445        1.09341979652652       -2.07480680622302
H            1.41200099676538        1.21678460700528       -0.30054846735204
C            1.53411198209666       -0.79165360444764       -1.04333595557670
H            2.56593718970795       -1.00349426562979       -0.83913082899784
H            0.93062377581274       -1.54500276875439       -1.51481490550404
H            0.93700392863986       -1.16095260021383        0.64907202240641
O            0.64063767829159       -1.23200342336726        1.58221715976930
H           -0.32019996839478       -1.20535875860954        1.56277387775729
10
 energy: -16.033819758924 gnorm: 0.002423085294 xtb: 6.6.1 (unknown)
F           -0.23107147705493        0.73659149036971       -1.32252615994713
C            1.13260548767162        0.61733160125123       -1.17971004479208
H            1.57248937263777        1.09186627472435       -2.07877656681857
H            1.41822574229238        1.22046512923024       -0.30521184734364
C            1.53789889393122       -0.79041431458373       -1.04355656191198
H            2.57045861203441       -1.00086250487737       -0.84299559419057
H            0.93325624098286       -1.54607629378988       -1.51016204676459
H            0.94078829750531       -1.16478600945461        0.65109092185507
O            0.63298082598517       -1.23558214588497        1.58144346575860
H           -0.32660904398639       -1.20113308098489        1.55872570115457
10
 energy: -16.033839653406 gnorm: 0.001487534655 xtb: 6.6.1 (unknown)
F           -0.23125034863134        0.73103015780856       -1.30060027050895
C            1.13324934864144        0.61562611964716       -1.17751255048379
H            1.55770202998838        1.08828338815528       -2.08316862147094
H            1.42879043231166        1.22325314952884       -0.31066309903616
C            1.54457056043776       -0.79004148459828       -1.04302825603039
H            2.57853505728752       -0.99744086300370       -0.84814990118157
H            0.93976480148517       -1.54955383509918       -1.50384884548614
H            0.94048111103510       -1.15931093575828        0.65095483758007
O            0.62374256388267       -1.24602071877446        1.57632405877625
H           -0.33456260443892       -1.18842483190586        1.54801391484129
10
 energy: -16.033835493682 gnorm: 0.006272997916 xtb: 6.6.1 (unknown)
F           -0.23623107590378        0.71740127489805       -1.24510774293739
C            1.13428322441366        0.61235820379348       -1.17265031017830
H            1.52066197148109        1.08009638402527       -2.09909360539961
H            1.45809298347358        1.22885634912400       -0.32184535953912
C            1.55962165264765       -0.78913308973212       -1.04064182605220
H            2.59639109458075       -0.98828661179703       -0.85131364684541
H            0.95830507361095       -1.55553252407520       -1.49494891068955
H            0.94068023945144       -1.15813092589837        0.64819504953070
O            0.60274575224705       -1.26907118091498        1.56398285434127
H           -0.35352796400298       -1.15115773342303        1.52174476476929
10
 energy: -16.033852728121 gnorm: 0.001014424969 xtb: 6.6.1 (unknown)
F           -0.23401180796946        0.71910465581277       -1.24885765355218
C            1.13490973563876        0.61287303983913       -1.17383580722296
H            1.52359658230540        1.07943728184655       -2.09838793773072
H            1.45688356061917        1.22881026210010       -0.32271853561286
C            1.55827775780586       -0.78888877555141       -1.03949527392946
H            2.59522136308944       -0.98914060628620       -0.85160460463394
H            0.95552490128418       -1.55543224231575       -1.49140581560242
H            0.93730895970643       -1.14897187317585        0.64728058098278
O            0.60327788736646       -1.26863434153385        1.56275973597485
H           -0.34996598784683       -1.16175725473541        1.52458657832659
10
 energy: -16.033856759210 gnorm: 0.001598163069 xtb: 6.6.1 (unknown)
F           -0.23440144076809        0.72062604056417       -1.25577488131974
C            1.13376060951544        0.61298327775159       -1.17292111801134
H            1.52743548196136        1.08013673742740       -2.09469835560177
H            1.45211517854288        1.22782443085206       -0.31986149079689
C            1.55508720708403       -0.78986219301951       -1.03923284486058
H            2.59100525166101       -0.99033844806768       -0.84682948749573
H            0.95501424774389       -1.55428663348531       -1.49774546244934
H            0.94038943820850       -1.15707019312271        0.64536027457231
O            0.60725827631594       -1.26459429856906        1.56240162221985
H           -0.34664129826554       -1.15801857433087        1.52762301074290
10
 energy: -16.033861081392 gnorm: 0.001196121997 xtb: 6.6.1 (unknown)
F           -0.23560997985292        0.71931548370338       -1.24720647655065
C            1.13338862264608        0.61243703691582       -1.17165894087615
H            1.52135313593989        1.07758413552585       -2.09705986329821
H            1.45650576193839        1.22903623165055       -0.32165368470837
C            1.55594272490849       -0.79026595906273       -1.03765103158525
H            2.59164113804844       -0.98932697853571       -0.84251540367504
H            0.95856197747174       -1.55460659047913       -1.49973830753352
H            0.94179156490501       -1.15811115349535        0.64380738254709
O            0.60480273338315       -1.26867638735571        1.55953239474124
H           -0.34735472738886       -1.14998567286688        1.52246519793854
10
 energy: -16.033867265122 gnorm: 0.002087295228 xtb: 6.6.1 (unknown)
F           -0.23851892127311        0.71419366194347       -1.22308707099049
C            1.13210750422350        0.61012352087076       -1.16707010785411
H            1.50478298445265        1.07122254048620       -2.10055208965448
H            1.46569077027317        1.23008827890035       -0.32443304035852
C            1.55931967892811       -0.79158641383575       -1.03294026687712
H            2.59541594205319       -0.98689879065123       -0.83419908702310
H            0.96809096444822       -1.55613829461727       -1.50271866810817
H            0.94457981344546       -1.16150598082147        0.63649388247208
O            0.59836335619571       -1.27991147753060        1.54872654034067
H           -0.34880914074751       -1.12218689874439        1.50810117505292
10
 energy: -16.033870124386 gnorm: 0.000922422854 xtb: 6.6.1 (unknown)
F           -0.23879844403130        0.71387779376231       -1.22136816945409
C            1.13193351287332        0.61006885482908       -1.16652609555834
H            1.50357762424779        1.07039524591621       -2.10079184612930
H            1.46606698378402        1.23074370857205       -0.32464358902124
C            1.55939116818146       -0.79158687033270       -1.03186850986790
H            2.59553088254622       -0.98674955455457       -0.83309027571632
H            0.96867402672716       -1.55601230719620       -1.50256643951435
H            0.94518446999605       -1.16353269062147        0.63517591796643
O            0.59741266893795       -1.28119712560094        1.54728028266423
H           -0.34794994126327       -1.11860690877369        1.50671999163055
